<?xml version="1.0" encoding="UTF-8"?>
<!-- Generated by org.testng.reporters.JUnitXMLReporter -->
<testsuite hostname="System1" ignored="0" name="CVSWeb test" tests="3" failures="0" timestamp="26 Apr 2019 12:35:15 GMT" time="73.459" errors="0">
  <testcase name="loginTest" time="13.38" classname="com.solitoncvs.testCases.TC_CVS_LOGIN_1"/>
  <testcase name="createBroadcast" time="13.48" classname="com.solitoncvs.testCases.TC_CVS_Createbroadcast_3"/>
  <testcase name="addliveInput" time="23.688" classname="com.solitoncvs.testCases.TC_CVS_AddLiveInput_4"/>
</testsuite> <!-- CVSWeb test -->
