<?xml version="1.0" encoding="UTF-8"?>
<!-- Generated by org.testng.reporters.JUnitXMLReporter -->
<testsuite hostname="System1" ignored="0" name="CVSWeb test" tests="3" failures="0" timestamp="29 Apr 2019 05:02:51 GMT" time="69.12" errors="0">
  <testcase name="loginTest" time="13.404" classname="com.solitoncvs.testCases.TC_CVS_LOGIN_1"/>
  <testcase name="createBroadcast" time="16.654" classname="com.solitoncvs.testCases.TC_CVS_Createbroadcast_3"/>
  <testcase name="addliveInput" time="23.053" classname="com.solitoncvs.testCases.TC_CVS_AddLiveInput_4"/>
</testsuite> <!-- CVSWeb test -->
