<?xml version="1.0" encoding="UTF-8"?>
<testng-results skipped="0" failed="0" ignored="0" total="3" passed="3">
  <reporter-output>
  </reporter-output>
  <suite name="Soliton_CVS_V1" duration-ms="69120" started-at="2019-04-29T05:01:42Z" finished-at="2019-04-29T05:02:51Z">
    <groups>
    </groups>
    <test name="CVSWeb test" duration-ms="69120" started-at="2019-04-29T05:01:42Z" finished-at="2019-04-29T05:02:51Z">
      <class name="com.solitoncvs.testCases.TC_CVS_Createbroadcast_3">
        <test-method status="PASS" signature="setup(java.lang.String)[pri:0, instance:com.solitoncvs.testCases.TC_CVS_Createbroadcast_3@3cda1055]" name="setup" is-config="true" duration-ms="4072" started-at="2019-04-29T05:02:02Z" finished-at="2019-04-29T05:02:06Z">
          <params>
            <param index="0">
              <value>
                <![CDATA[chrome]]>
              </value>
            </param>
          </params>
          <reporter-output>
          </reporter-output>
        </test-method> <!-- setup -->
        <test-method status="PASS" signature="createBroadcast()[pri:0, instance:com.solitoncvs.testCases.TC_CVS_Createbroadcast_3@3cda1055]" name="createBroadcast" duration-ms="16654" started-at="2019-04-29T05:02:06Z" finished-at="2019-04-29T05:02:23Z">
          <reporter-output>
          </reporter-output>
        </test-method> <!-- createBroadcast -->
      </class> <!-- com.solitoncvs.testCases.TC_CVS_Createbroadcast_3 -->
      <class name="com.solitoncvs.testCases.TC_CVS_AddLiveInput_4">
        <test-method status="PASS" signature="setup(java.lang.String)[pri:0, instance:com.solitoncvs.testCases.TC_CVS_AddLiveInput_4@7a5d012c]" name="setup" is-config="true" duration-ms="4430" started-at="2019-04-29T05:02:23Z" finished-at="2019-04-29T05:02:28Z">
          <params>
            <param index="0">
              <value>
                <![CDATA[chrome]]>
              </value>
            </param>
          </params>
          <reporter-output>
          </reporter-output>
        </test-method> <!-- setup -->
        <test-method status="PASS" signature="addliveInput()[pri:0, instance:com.solitoncvs.testCases.TC_CVS_AddLiveInput_4@7a5d012c]" name="addliveInput" duration-ms="23053" started-at="2019-04-29T05:02:28Z" finished-at="2019-04-29T05:02:51Z">
          <reporter-output>
          </reporter-output>
        </test-method> <!-- addliveInput -->
      </class> <!-- com.solitoncvs.testCases.TC_CVS_AddLiveInput_4 -->
      <class name="com.solitoncvs.testCases.TC_CVS_LOGIN_1">
        <test-method status="PASS" signature="setup(java.lang.String)[pri:0, instance:com.solitoncvs.testCases.TC_CVS_LOGIN_1@668bc3d5]" name="setup" is-config="true" duration-ms="7125" started-at="2019-04-29T05:01:42Z" finished-at="2019-04-29T05:01:49Z">
          <params>
            <param index="0">
              <value>
                <![CDATA[chrome]]>
              </value>
            </param>
          </params>
          <reporter-output>
          </reporter-output>
        </test-method> <!-- setup -->
        <test-method status="PASS" signature="loginTest()[pri:0, instance:com.solitoncvs.testCases.TC_CVS_LOGIN_1@668bc3d5]" name="loginTest" duration-ms="13404" started-at="2019-04-29T05:01:49Z" finished-at="2019-04-29T05:02:02Z">
          <reporter-output>
          </reporter-output>
        </test-method> <!-- loginTest -->
      </class> <!-- com.solitoncvs.testCases.TC_CVS_LOGIN_1 -->
    </test> <!-- CVSWeb test -->
  </suite> <!-- Soliton_CVS_V1 -->
</testng-results>
