<?xml version="1.0" encoding="UTF-8"?>
<testng-results skipped="0" failed="0" ignored="0" total="1" passed="1">
  <reporter-output>
  </reporter-output>
  <suite name="Soliton_CVS_V1" duration-ms="43578" started-at="2019-05-08T10:34:50Z" finished-at="2019-05-08T10:35:33Z">
    <groups>
    </groups>
    <test name="CVSWeb test" duration-ms="43578" started-at="2019-05-08T10:34:50Z" finished-at="2019-05-08T10:35:33Z">
      <class name="com.solitoncvs.testCases.TC_CVS_OPERATOR_73">
        <test-method status="PASS" signature="setup(java.lang.String)[pri:0, instance:com.solitoncvs.testCases.TC_CVS_OPERATOR_73@5702b3b1]" name="setup" is-config="true" duration-ms="11558" started-at="2019-05-08T10:34:50Z" finished-at="2019-05-08T10:35:01Z">
          <params>
            <param index="0">
              <value>
                <![CDATA[chrome]]>
              </value>
            </param>
          </params>
          <reporter-output>
          </reporter-output>
        </test-method> <!-- setup -->
        <test-method status="PASS" signature="saveFBOutputStreamControl()[pri:0, instance:com.solitoncvs.testCases.TC_CVS_OPERATOR_73@5702b3b1]" name="saveFBOutputStreamControl" duration-ms="31555" started-at="2019-05-08T10:35:01Z" finished-at="2019-05-08T10:35:33Z">
          <reporter-output>
          </reporter-output>
        </test-method> <!-- saveFBOutputStreamControl -->
      </class> <!-- com.solitoncvs.testCases.TC_CVS_OPERATOR_73 -->
    </test> <!-- CVSWeb test -->
  </suite> <!-- Soliton_CVS_V1 -->
</testng-results>
